<?xml version="1.0" encoding="UTF-8"?>
<!-- Generated by org.testng.reporters.JUnitXMLReporter -->
<testsuite ignored="0" hostname="LAPTOP-NVFF1C43" failures="0" tests="15" name="Test" time="703.402" errors="0" timestamp="2022-11-21T18:05:44 IST">
  <testcase classname="pom_Testcases.DWS_Camera_Test" name="TC08" time="2.956"/>
  <testcase classname="pom_Testcases.DWS_Cellphones_test" name="TC09" time="12.014"/>
  <testcase classname="pom_Testcases.DWS_Digital_Test" name="tc05" time="6.617"/>
  <testcase classname="pom_Testcases.DWS_NewsLetter_test" name="TC05" time="0.877"/>
  <testcase classname="pom_Testcases.DWS_acc_Test" name="TC06" time="4.185"/>
  <testcase classname="pom_Testcases.DWS_Jewellary_test" name="tc05" time="11.872"/>
  <testcase classname="pom_Testcases.DWS_Wishlist_test" name="TC04" time="1.066"/>
  <testcase classname="pom_Testcases.DWS_Notebook_test" name="TC07" time="4.024"/>
  <testcase classname="pom_Testcases.DWS_Books_Test" name="TC10" time="2.973"/>
  <testcase classname="pom_Testcases.DWS_GiftCard_Test" name="tc05" time="15.888"/>
  <testcase classname="pom_Testcases.DWS_Login_Test" name="TC01" time="1.75"/>
  <testcase classname="pom_Testcases.DWS_Register_test" name="TC02" time="3.057"/>
  <testcase classname="pom_Testcases.DWS_Searchpage_test" name="TC03" time="0.396"/>
  <testcase classname="pom_Testcases.DWS_apparel_Test" name="TC12" time="19.0"/>
  <testcase classname="pom_Testcases.DWS_Desktop_Test" name="TC07" time="2.428"/>
</testsuite> <!-- Test -->
