<?xml version="1.0" encoding="UTF-8"?>
<testng-results ignored="0" total="15" passed="15" failed="0" skipped="0">
  <reporter-output>
  </reporter-output>
  <suite started-at="2022-11-21T17:54:00 IST" name="Suite" finished-at="2022-11-21T18:05:43 IST" duration-ms="703402">
    <groups>
    </groups>
    <test started-at="2022-11-21T17:54:00 IST" name="Test" finished-at="2022-11-21T18:05:43 IST" duration-ms="703402">
      <class name="pom_Testcases.DWS_Jewellary_test">
        <test-method is-config="true" signature="BrowserSetup()[pri:0, instance:pom_Testcases.DWS_Jewellary_test@19e4653c]" started-at="2022-11-21T17:58:26 IST" name="BrowserSetup" finished-at="2022-11-21T17:58:47 IST" duration-ms="20594" status="PASS">
          <reporter-output>
          </reporter-output>
        </test-method> <!-- BrowserSetup -->
        <test-method signature="tc05(java.lang.String,java.lang.String,java.lang.String)[pri:0, instance:pom_Testcases.DWS_Jewellary_test@19e4653c]" started-at="2022-11-21T17:58:47 IST" name="tc05" data-provider="comppom" finished-at="2022-11-21T17:58:58 IST" duration-ms="11872" status="PASS">
          <params>
            <param index="0">
              <value>
                <![CDATA[Price: Low to High]]>
              </value>
            </param>
            <param index="1">
              <value>
                <![CDATA[12]]>
              </value>
            </param>
            <param index="2">
              <value>
                <![CDATA[Grid]]>
              </value>
            </param>
          </params>
          <reporter-output>
          </reporter-output>
        </test-method> <!-- tc05 -->
        <test-method is-config="true" signature="TearDown()[pri:0, instance:pom_Testcases.DWS_Jewellary_test@19e4653c]" started-at="2022-11-21T17:58:58 IST" name="TearDown" finished-at="2022-11-21T17:58:59 IST" duration-ms="399" status="PASS">
          <reporter-output>
          </reporter-output>
        </test-method> <!-- TearDown -->
      </class> <!-- pom_Testcases.DWS_Jewellary_test -->
      <class name="pom_Testcases.DWS_apparel_Test">
        <test-method is-config="true" signature="BrowserSetup()[pri:0, instance:pom_Testcases.DWS_apparel_Test@cb0755b]" started-at="2022-11-21T18:04:07 IST" name="BrowserSetup" finished-at="2022-11-21T18:04:40 IST" duration-ms="32641" status="PASS">
          <reporter-output>
          </reporter-output>
        </test-method> <!-- BrowserSetup -->
        <test-method signature="TC12()[pri:0, instance:pom_Testcases.DWS_apparel_Test@cb0755b]" started-at="2022-11-21T18:04:40 IST" name="TC12" finished-at="2022-11-21T18:04:59 IST" duration-ms="19000" status="PASS">
          <reporter-output>
          </reporter-output>
        </test-method> <!-- TC12 -->
        <test-method is-config="true" signature="TearDown()[pri:0, instance:pom_Testcases.DWS_apparel_Test@cb0755b]" started-at="2022-11-21T18:04:59 IST" name="TearDown" finished-at="2022-11-21T18:05:00 IST" duration-ms="1404" status="PASS">
          <reporter-output>
          </reporter-output>
        </test-method> <!-- TearDown -->
      </class> <!-- pom_Testcases.DWS_apparel_Test -->
      <class name="pom_Testcases.DWS_Wishlist_test">
        <test-method is-config="true" signature="BrowserSetup()[pri:0, instance:pom_Testcases.DWS_Wishlist_test@795509d9]" started-at="2022-11-21T17:58:59 IST" name="BrowserSetup" finished-at="2022-11-21T17:59:22 IST" duration-ms="23035" status="PASS">
          <reporter-output>
          </reporter-output>
        </test-method> <!-- BrowserSetup -->
        <test-method signature="TC04()[pri:0, instance:pom_Testcases.DWS_Wishlist_test@795509d9]" started-at="2022-11-21T17:59:22 IST" name="TC04" finished-at="2022-11-21T17:59:23 IST" duration-ms="1066" status="PASS">
          <reporter-output>
          </reporter-output>
        </test-method> <!-- TC04 -->
        <test-method is-config="true" signature="TearDown()[pri:0, instance:pom_Testcases.DWS_Wishlist_test@795509d9]" started-at="2022-11-21T17:59:23 IST" name="TearDown" finished-at="2022-11-21T17:59:23 IST" duration-ms="314" status="PASS">
          <reporter-output>
          </reporter-output>
        </test-method> <!-- TearDown -->
      </class> <!-- pom_Testcases.DWS_Wishlist_test -->
      <class name="pom_Testcases.DWS_Cellphones_test">
        <test-method is-config="true" signature="BrowserSetup()[pri:0, instance:pom_Testcases.DWS_Cellphones_test@7161d8d1]" started-at="2022-11-21T17:54:33 IST" name="BrowserSetup" finished-at="2022-11-21T17:55:31 IST" duration-ms="57285" status="PASS">
          <reporter-output>
          </reporter-output>
        </test-method> <!-- BrowserSetup -->
        <test-method signature="TC09()[pri:0, instance:pom_Testcases.DWS_Cellphones_test@7161d8d1]" started-at="2022-11-21T17:55:31 IST" name="TC09" finished-at="2022-11-21T17:55:43 IST" duration-ms="12014" status="PASS">
          <reporter-output>
          </reporter-output>
        </test-method> <!-- TC09 -->
        <test-method is-config="true" signature="TearDown()[pri:0, instance:pom_Testcases.DWS_Cellphones_test@7161d8d1]" started-at="2022-11-21T17:55:43 IST" name="TearDown" finished-at="2022-11-21T17:55:46 IST" duration-ms="3311" status="PASS">
          <reporter-output>
          </reporter-output>
        </test-method> <!-- TearDown -->
      </class> <!-- pom_Testcases.DWS_Cellphones_test -->
      <class name="pom_Testcases.DWS_Camera_Test">
        <test-method is-config="true" signature="BrowserSetup()[pri:0, instance:pom_Testcases.DWS_Camera_Test@7ef82753]" started-at="2022-11-21T17:54:00 IST" name="BrowserSetup" finished-at="2022-11-21T17:54:30 IST" duration-ms="29892" status="PASS">
          <reporter-output>
          </reporter-output>
        </test-method> <!-- BrowserSetup -->
        <test-method signature="TC08()[pri:0, instance:pom_Testcases.DWS_Camera_Test@7ef82753]" started-at="2022-11-21T17:54:30 IST" name="TC08" finished-at="2022-11-21T17:54:33 IST" duration-ms="2956" status="PASS">
          <reporter-output>
          </reporter-output>
        </test-method> <!-- TC08 -->
        <test-method is-config="true" signature="TearDown()[pri:0, instance:pom_Testcases.DWS_Camera_Test@7ef82753]" started-at="2022-11-21T17:54:33 IST" name="TearDown" finished-at="2022-11-21T17:54:33 IST" duration-ms="819" status="PASS">
          <reporter-output>
          </reporter-output>
        </test-method> <!-- TearDown -->
      </class> <!-- pom_Testcases.DWS_Camera_Test -->
      <class name="pom_Testcases.DWS_Desktop_Test">
        <test-method is-config="true" signature="BrowserSetup()[pri:0, instance:pom_Testcases.DWS_Desktop_Test@33065d67]" started-at="2022-11-21T18:05:00 IST" name="BrowserSetup" finished-at="2022-11-21T18:05:38 IST" duration-ms="37802" status="PASS">
          <reporter-output>
          </reporter-output>
        </test-method> <!-- BrowserSetup -->
        <test-method signature="TC07()[pri:0, instance:pom_Testcases.DWS_Desktop_Test@33065d67]" started-at="2022-11-21T18:05:38 IST" name="TC07" finished-at="2022-11-21T18:05:40 IST" duration-ms="2428" status="PASS">
          <reporter-output>
          </reporter-output>
        </test-method> <!-- TC07 -->
        <test-method is-config="true" signature="TearDown()[pri:0, instance:pom_Testcases.DWS_Desktop_Test@33065d67]" started-at="2022-11-21T18:05:40 IST" name="TearDown" finished-at="2022-11-21T18:05:43 IST" duration-ms="2928" status="PASS">
          <reporter-output>
          </reporter-output>
        </test-method> <!-- TearDown -->
      </class> <!-- pom_Testcases.DWS_Desktop_Test -->
      <class name="pom_Testcases.DWS_acc_Test">
        <test-method is-config="true" signature="BrowserSetup()[pri:0, instance:pom_Testcases.DWS_acc_Test@663c9e7a]" started-at="2022-11-21T17:57:26 IST" name="BrowserSetup" finished-at="2022-11-21T17:58:04 IST" duration-ms="37465" status="PASS">
          <reporter-output>
          </reporter-output>
        </test-method> <!-- BrowserSetup -->
        <test-method signature="TC06()[pri:0, instance:pom_Testcases.DWS_acc_Test@663c9e7a]" started-at="2022-11-21T17:58:04 IST" name="TC06" finished-at="2022-11-21T17:58:08 IST" duration-ms="4185" status="PASS">
          <reporter-output>
          </reporter-output>
        </test-method> <!-- TC06 -->
        <test-method is-config="true" signature="TearDown()[pri:0, instance:pom_Testcases.DWS_acc_Test@663c9e7a]" started-at="2022-11-21T17:58:08 IST" name="TearDown" finished-at="2022-11-21T17:58:26 IST" duration-ms="18214" status="PASS">
          <reporter-output>
          </reporter-output>
        </test-method> <!-- TearDown -->
      </class> <!-- pom_Testcases.DWS_acc_Test -->
      <class name="pom_Testcases.DWS_NewsLetter_test">
        <test-method is-config="true" signature="BrowserSetup()[pri:0, instance:pom_Testcases.DWS_NewsLetter_test@1cf6d1be]" started-at="2022-11-21T17:56:54 IST" name="BrowserSetup" finished-at="2022-11-21T17:57:22 IST" duration-ms="28141" status="PASS">
          <reporter-output>
          </reporter-output>
        </test-method> <!-- BrowserSetup -->
        <test-method signature="TC05()[pri:0, instance:pom_Testcases.DWS_NewsLetter_test@1cf6d1be]" started-at="2022-11-21T17:57:22 IST" name="TC05" finished-at="2022-11-21T17:57:23 IST" duration-ms="877" status="PASS">
          <reporter-output>
          </reporter-output>
        </test-method> <!-- TC05 -->
        <test-method is-config="true" signature="TearDown()[pri:0, instance:pom_Testcases.DWS_NewsLetter_test@1cf6d1be]" started-at="2022-11-21T17:57:23 IST" name="TearDown" finished-at="2022-11-21T17:57:26 IST" duration-ms="2849" status="PASS">
          <reporter-output>
          </reporter-output>
        </test-method> <!-- TearDown -->
      </class> <!-- pom_Testcases.DWS_NewsLetter_test -->
      <class name="pom_Testcases.DWS_Searchpage_test">
        <test-method is-config="true" signature="BrowserSetup()[pri:0, instance:pom_Testcases.DWS_Searchpage_test@53fb3dab]" started-at="2022-11-21T18:03:05 IST" name="BrowserSetup" finished-at="2022-11-21T18:04:06 IST" duration-ms="60540" status="PASS">
          <reporter-output>
          </reporter-output>
        </test-method> <!-- BrowserSetup -->
        <test-method signature="TC03()[pri:0, instance:pom_Testcases.DWS_Searchpage_test@53fb3dab]" started-at="2022-11-21T18:04:06 IST" name="TC03" finished-at="2022-11-21T18:04:06 IST" duration-ms="396" status="PASS">
          <reporter-output>
          </reporter-output>
        </test-method> <!-- TC03 -->
        <test-method is-config="true" signature="TearDown()[pri:0, instance:pom_Testcases.DWS_Searchpage_test@53fb3dab]" started-at="2022-11-21T18:04:06 IST" name="TearDown" finished-at="2022-11-21T18:04:07 IST" duration-ms="489" status="PASS">
          <reporter-output>
          </reporter-output>
        </test-method> <!-- TearDown -->
      </class> <!-- pom_Testcases.DWS_Searchpage_test -->
      <class name="pom_Testcases.DWS_Notebook_test">
        <test-method is-config="true" signature="BrowserSetup()[pri:0, instance:pom_Testcases.DWS_Notebook_test@6bbe85a8]" started-at="2022-11-21T17:59:23 IST" name="BrowserSetup" finished-at="2022-11-21T18:00:21 IST" duration-ms="57761" status="PASS">
          <reporter-output>
          </reporter-output>
        </test-method> <!-- BrowserSetup -->
        <test-method signature="TC07()[pri:0, instance:pom_Testcases.DWS_Notebook_test@6bbe85a8]" started-at="2022-11-21T18:00:21 IST" name="TC07" finished-at="2022-11-21T18:00:25 IST" duration-ms="4024" status="PASS">
          <reporter-output>
          </reporter-output>
        </test-method> <!-- TC07 -->
        <test-method is-config="true" signature="TearDown()[pri:0, instance:pom_Testcases.DWS_Notebook_test@6bbe85a8]" started-at="2022-11-21T18:00:25 IST" name="TearDown" finished-at="2022-11-21T18:00:26 IST" duration-ms="565" status="PASS">
          <reporter-output>
          </reporter-output>
        </test-method> <!-- TearDown -->
      </class> <!-- pom_Testcases.DWS_Notebook_test -->
      <class name="pom_Testcases.DWS_Digital_Test">
        <test-method is-config="true" signature="BrowserSetup()[pri:0, instance:pom_Testcases.DWS_Digital_Test@74e28667]" started-at="2022-11-21T17:55:46 IST" name="BrowserSetup" finished-at="2022-11-21T17:56:31 IST" duration-ms="44473" status="PASS">
          <reporter-output>
          </reporter-output>
        </test-method> <!-- BrowserSetup -->
        <test-method signature="tc05(java.lang.String,java.lang.String,java.lang.String)[pri:0, instance:pom_Testcases.DWS_Digital_Test@74e28667]" started-at="2022-11-21T17:56:46 IST" name="tc05" data-provider="comppom" finished-at="2022-11-21T17:56:53 IST" duration-ms="6617" status="PASS">
          <params>
            <param index="0">
              <value>
                <![CDATA[Price: Low to High]]>
              </value>
            </param>
            <param index="1">
              <value>
                <![CDATA[12]]>
              </value>
            </param>
            <param index="2">
              <value>
                <![CDATA[Grid]]>
              </value>
            </param>
          </params>
          <reporter-output>
          </reporter-output>
        </test-method> <!-- tc05 -->
        <test-method is-config="true" signature="TearDown()[pri:0, instance:pom_Testcases.DWS_Digital_Test@74e28667]" started-at="2022-11-21T17:56:53 IST" name="TearDown" finished-at="2022-11-21T17:56:54 IST" duration-ms="1143" status="PASS">
          <reporter-output>
          </reporter-output>
        </test-method> <!-- TearDown -->
      </class> <!-- pom_Testcases.DWS_Digital_Test -->
      <class name="pom_Testcases.DWS_Books_Test">
        <test-method is-config="true" signature="BrowserSetup()[pri:0, instance:pom_Testcases.DWS_Books_Test@3a7442c7]" started-at="2022-11-21T18:00:26 IST" name="BrowserSetup" finished-at="2022-11-21T18:00:54 IST" duration-ms="27934" status="PASS">
          <reporter-output>
          </reporter-output>
        </test-method> <!-- BrowserSetup -->
        <test-method signature="TC10()[pri:0, instance:pom_Testcases.DWS_Books_Test@3a7442c7]" started-at="2022-11-21T18:00:54 IST" name="TC10" finished-at="2022-11-21T18:00:57 IST" duration-ms="2973" status="PASS">
          <reporter-output>
          </reporter-output>
        </test-method> <!-- TC10 -->
        <test-method is-config="true" signature="TearDown()[pri:0, instance:pom_Testcases.DWS_Books_Test@3a7442c7]" started-at="2022-11-21T18:00:57 IST" name="TearDown" finished-at="2022-11-21T18:00:57 IST" duration-ms="213" status="PASS">
          <reporter-output>
          </reporter-output>
        </test-method> <!-- TearDown -->
      </class> <!-- pom_Testcases.DWS_Books_Test -->
      <class name="pom_Testcases.DWS_GiftCard_Test">
        <test-method is-config="true" signature="BrowserSetup()[pri:0, instance:pom_Testcases.DWS_GiftCard_Test@4be29ed9]" started-at="2022-11-21T18:00:57 IST" name="BrowserSetup" finished-at="2022-11-21T18:01:53 IST" duration-ms="56123" status="PASS">
          <reporter-output>
          </reporter-output>
        </test-method> <!-- BrowserSetup -->
        <test-method signature="tc05(java.lang.String,java.lang.String,java.lang.String)[pri:0, instance:pom_Testcases.DWS_GiftCard_Test@4be29ed9]" started-at="2022-11-21T18:01:53 IST" name="tc05" data-provider="comppom" finished-at="2022-11-21T18:02:09 IST" duration-ms="15888" status="PASS">
          <params>
            <param index="0">
              <value>
                <![CDATA[Price: Low to High]]>
              </value>
            </param>
            <param index="1">
              <value>
                <![CDATA[12]]>
              </value>
            </param>
            <param index="2">
              <value>
                <![CDATA[Grid]]>
              </value>
            </param>
          </params>
          <reporter-output>
          </reporter-output>
        </test-method> <!-- tc05 -->
        <test-method is-config="true" signature="TearDown()[pri:0, instance:pom_Testcases.DWS_GiftCard_Test@4be29ed9]" started-at="2022-11-21T18:02:09 IST" name="TearDown" finished-at="2022-11-21T18:02:09 IST" duration-ms="523" status="PASS">
          <reporter-output>
          </reporter-output>
        </test-method> <!-- TearDown -->
      </class> <!-- pom_Testcases.DWS_GiftCard_Test -->
      <class name="pom_Testcases.DWS_Login_Test">
        <test-method is-config="true" signature="BrowserSetup()[pri:0, instance:pom_Testcases.DWS_Login_Test@548d708a]" started-at="2022-11-21T18:02:09 IST" name="BrowserSetup" finished-at="2022-11-21T18:02:34 IST" duration-ms="24883" status="PASS">
          <reporter-output>
          </reporter-output>
        </test-method> <!-- BrowserSetup -->
        <test-method signature="TC01(java.lang.String,java.lang.String)[pri:0, instance:pom_Testcases.DWS_Login_Test@548d708a]" started-at="2022-11-21T18:02:34 IST" name="TC01" data-provider="loginpom" finished-at="2022-11-21T18:02:36 IST" duration-ms="1750" status="PASS">
          <params>
            <param index="0">
              <value>
                <![CDATA[senani@gmail.com]]>
              </value>
            </param>
            <param index="1">
              <value>
                <![CDATA[senani12]]>
              </value>
            </param>
          </params>
          <reporter-output>
          </reporter-output>
        </test-method> <!-- TC01 -->
        <test-method is-config="true" signature="TearDown()[pri:0, instance:pom_Testcases.DWS_Login_Test@548d708a]" started-at="2022-11-21T18:02:36 IST" name="TearDown" finished-at="2022-11-21T18:02:42 IST" duration-ms="5704" status="PASS">
          <reporter-output>
          </reporter-output>
        </test-method> <!-- TearDown -->
      </class> <!-- pom_Testcases.DWS_Login_Test -->
      <class name="pom_Testcases.DWS_Register_test">
        <test-method is-config="true" signature="BrowserSetup()[pri:0, instance:pom_Testcases.DWS_Register_test@4b013c76]" started-at="2022-11-21T18:02:42 IST" name="BrowserSetup" finished-at="2022-11-21T18:03:02 IST" duration-ms="20337" status="PASS">
          <reporter-output>
          </reporter-output>
        </test-method> <!-- BrowserSetup -->
        <test-method signature="TC02()[pri:0, instance:pom_Testcases.DWS_Register_test@4b013c76]" started-at="2022-11-21T18:03:02 IST" name="TC02" finished-at="2022-11-21T18:03:05 IST" duration-ms="3057" status="PASS">
          <reporter-output>
          </reporter-output>
        </test-method> <!-- TC02 -->
        <test-method is-config="true" signature="TearDown()[pri:0, instance:pom_Testcases.DWS_Register_test@4b013c76]" started-at="2022-11-21T18:03:05 IST" name="TearDown" finished-at="2022-11-21T18:03:05 IST" duration-ms="215" status="PASS">
          <reporter-output>
          </reporter-output>
        </test-method> <!-- TearDown -->
      </class> <!-- pom_Testcases.DWS_Register_test -->
    </test> <!-- Test -->
  </suite> <!-- Suite -->
</testng-results>
